{"D:\\Users\\Administrador\\Desktop\\arquivos\\gobarber\\appgobarber\\src\\assets\\logo.png": {"path":"D:\\Users\\Administrador\\Desktop\\arquivos\\gobarber\\appgobarber\\src\\assets\\logo.png","statementMap":{"0":{"start":{"line":1,"column":0},"end":{"line":4,"column":6}}},"fnMap":{},"branchMap":{},"s":{"0":1},"f":{},"b":{},"_coverageSchema":"43e27e138ebf9cfc5966b082cf9a028302ed4184","hash":"5686468c1416530ecdce83f35efd9ec5e04a9d5a"}
,"D:\\Users\\Administrador\\Desktop\\arquivos\\gobarber\\appgobarber\\src\\components\\Button\\index.tsx": {"path":"D:\\Users\\Administrador\\Desktop\\arquivos\\gobarber\\appgobarber\\src\\components\\Button\\index.tsx","statementMap":{"0":{"start":{"line":9,"column":38},"end":{"line":15,"column":1}},"1":{"start":{"line":10,"column":2},"end":{"line":14,"column":3}}},"fnMap":{"0":{"name":"(anonymous_0)","decl":{"start":{"line":9,"column":38},"end":{"line":9,"column":39}},"loc":{"start":{"line":9,"column":65},"end":{"line":15,"column":1}},"line":9}},"branchMap":{},"s":{"0":1,"1":1},"f":{"0":1},"b":{},"_coverageSchema":"43e27e138ebf9cfc5966b082cf9a028302ed4184","hash":"0dec39cdebe5c13c3336de45f1fe7b382d478a1b"}
,"D:\\Users\\Administrador\\Desktop\\arquivos\\gobarber\\appgobarber\\src\\components\\Button\\styles.ts": {"path":"D:\\Users\\Administrador\\Desktop\\arquivos\\gobarber\\appgobarber\\src\\components\\Button\\styles.ts","statementMap":{"0":{"start":{"line":5,"column":25},"end":{"line":14,"column":1}},"1":{"start":{"line":16,"column":26},"end":{"line":20,"column":1}}},"fnMap":{},"branchMap":{},"s":{"0":1,"1":1},"f":{},"b":{},"_coverageSchema":"43e27e138ebf9cfc5966b082cf9a028302ed4184","hash":"e12f002c0d25dc2ca1bc027c517312c358d0125a"}
,"D:\\Users\\Administrador\\Desktop\\arquivos\\gobarber\\appgobarber\\src\\components\\Input\\index.tsx": {"path":"D:\\Users\\Administrador\\Desktop\\arquivos\\gobarber\\appgobarber\\src\\components\\Input\\index.tsx","statementMap":{"0":{"start":{"line":29,"column":66},"end":{"line":88,"column":1}},"1":{"start":{"line":33,"column":65},"end":{"line":33,"column":79}},"2":{"start":{"line":34,"column":24},"end":{"line":34,"column":76}},"3":{"start":{"line":35,"column":26},"end":{"line":35,"column":43}},"4":{"start":{"line":37,"column":36},"end":{"line":37,"column":51}},"5":{"start":{"line":38,"column":34},"end":{"line":38,"column":49}},"6":{"start":{"line":40,"column":19},"end":{"line":42,"column":8}},"7":{"start":{"line":41,"column":4},"end":{"line":41,"column":22}},"8":{"start":{"line":43,"column":17},"end":{"line":46,"column":8}},"9":{"start":{"line":44,"column":4},"end":{"line":44,"column":23}},"10":{"start":{"line":45,"column":4},"end":{"line":45,"column":46}},"11":{"start":{"line":48,"column":2},"end":{"line":54,"column":32}},"12":{"start":{"line":49,"column":4},"end":{"line":53,"column":6}},"13":{"start":{"line":56,"column":2},"end":{"line":60,"column":5}},"14":{"start":{"line":56,"column":34},"end":{"line":60,"column":3}},"15":{"start":{"line":58,"column":6},"end":{"line":58,"column":37}},"16":{"start":{"line":62,"column":2},"end":{"line":87,"column":3}},"17":{"start":{"line":83,"column":10},"end":{"line":83,"column":45}}},"fnMap":{"0":{"name":"(anonymous_0)","decl":{"start":{"line":29,"column":66},"end":{"line":29,"column":67}},"loc":{"start":{"line":32,"column":5},"end":{"line":88,"column":1}},"line":32},"1":{"name":"(anonymous_1)","decl":{"start":{"line":40,"column":31},"end":{"line":40,"column":32}},"loc":{"start":{"line":40,"column":37},"end":{"line":42,"column":3}},"line":40},"2":{"name":"(anonymous_2)","decl":{"start":{"line":43,"column":29},"end":{"line":43,"column":30}},"loc":{"start":{"line":43,"column":35},"end":{"line":46,"column":3}},"line":43},"3":{"name":"(anonymous_3)","decl":{"start":{"line":48,"column":12},"end":{"line":48,"column":13}},"loc":{"start":{"line":48,"column":18},"end":{"line":54,"column":3}},"line":48},"4":{"name":"(anonymous_4)","decl":{"start":{"line":56,"column":27},"end":{"line":56,"column":28}},"loc":{"start":{"line":56,"column":34},"end":{"line":60,"column":3}},"line":56},"5":{"name":"(anonymous_5)","decl":{"start":{"line":57,"column":4},"end":{"line":57,"column":5}},"loc":{"start":{"line":57,"column":12},"end":{"line":59,"column":5}},"line":57},"6":{"name":"(anonymous_6)","decl":{"start":{"line":82,"column":22},"end":{"line":82,"column":23}},"loc":{"start":{"line":82,"column":33},"end":{"line":84,"column":9}},"line":82}},"branchMap":{"0":{"loc":{"start":{"line":30,"column":16},"end":{"line":30,"column":35}},"type":"default-arg","locations":[{"start":{"line":30,"column":33},"end":{"line":30,"column":35}}],"line":30},"1":{"loc":{"start":{"line":33,"column":36},"end":{"line":33,"column":53}},"type":"default-arg","locations":[{"start":{"line":33,"column":51},"end":{"line":33,"column":53}}],"line":33},"2":{"loc":{"start":{"line":72,"column":15},"end":{"line":72,"column":60}},"type":"cond-expr","locations":[{"start":{"line":72,"column":39},"end":{"line":72,"column":48}},{"start":{"line":72,"column":51},"end":{"line":72,"column":60}}],"line":72},"3":{"loc":{"start":{"line":72,"column":15},"end":{"line":72,"column":36}},"type":"binary-expr","locations":[{"start":{"line":72,"column":15},"end":{"line":72,"column":24}},{"start":{"line":72,"column":28},"end":{"line":72,"column":36}}],"line":72}},"s":{"0":1,"1":2,"2":2,"3":2,"4":2,"5":2,"6":2,"7":0,"8":2,"9":0,"10":0,"11":2,"12":2,"13":2,"14":1,"15":0,"16":2,"17":0},"f":{"0":2,"1":0,"2":0,"3":2,"4":1,"5":0,"6":0},"b":{"0":[2],"1":[2],"2":[0,2],"3":[2,2]},"_coverageSchema":"43e27e138ebf9cfc5966b082cf9a028302ed4184","hash":"1f19f9b2980e56d8f1833a78c3d2275d3f45caf0"}
,"D:\\Users\\Administrador\\Desktop\\arquivos\\gobarber\\appgobarber\\src\\components\\Input\\styles.ts": {"path":"D:\\Users\\Administrador\\Desktop\\arquivos\\gobarber\\appgobarber\\src\\components\\Input\\styles.ts","statementMap":{"0":{"start":{"line":11,"column":25},"end":{"line":34,"column":1}},"1":{"start":{"line":25,"column":4},"end":{"line":28,"column":5}},"2":{"start":{"line":30,"column":4},"end":{"line":33,"column":5}},"3":{"start":{"line":36,"column":25},"end":{"line":41,"column":1}},"4":{"start":{"line":42,"column":20},"end":{"line":44,"column":1}}},"fnMap":{"0":{"name":"(anonymous_0)","decl":{"start":{"line":24,"column":4},"end":{"line":24,"column":5}},"loc":{"start":{"line":25,"column":4},"end":{"line":28,"column":5}},"line":25},"1":{"name":"(anonymous_1)","decl":{"start":{"line":29,"column":4},"end":{"line":29,"column":5}},"loc":{"start":{"line":30,"column":4},"end":{"line":33,"column":5}},"line":30}},"branchMap":{"0":{"loc":{"start":{"line":25,"column":4},"end":{"line":28,"column":5}},"type":"binary-expr","locations":[{"start":{"line":25,"column":4},"end":{"line":25,"column":19}},{"start":{"line":26,"column":4},"end":{"line":28,"column":5}}],"line":25},"1":{"loc":{"start":{"line":30,"column":4},"end":{"line":33,"column":5}},"type":"binary-expr","locations":[{"start":{"line":30,"column":4},"end":{"line":30,"column":19}},{"start":{"line":31,"column":4},"end":{"line":33,"column":5}}],"line":30}},"s":{"0":1,"1":2,"2":2,"3":1,"4":1},"f":{"0":2,"1":2},"b":{"0":[2,0],"1":[2,0]},"_coverageSchema":"43e27e138ebf9cfc5966b082cf9a028302ed4184","hash":"a7d2f1c4e74708166451caae4bddab3d853b4974"}
,"D:\\Users\\Administrador\\Desktop\\arquivos\\gobarber\\appgobarber\\src\\hooks\\auth.tsx": {"path":"D:\\Users\\Administrador\\Desktop\\arquivos\\gobarber\\appgobarber\\src\\hooks\\auth.tsx","statementMap":{"0":{"start":{"line":35,"column":20},"end":{"line":35,"column":73}},"1":{"start":{"line":38,"column":18},"end":{"line":38,"column":41}},"2":{"start":{"line":39,"column":2},"end":{"line":41,"column":3}},"3":{"start":{"line":40,"column":4},"end":{"line":40,"column":70}},"4":{"start":{"line":42,"column":2},"end":{"line":42,"column":16}},"5":{"start":{"line":45,"column":38},"end":{"line":96,"column":1}},"6":{"start":{"line":46,"column":26},"end":{"line":46,"column":62}},"7":{"start":{"line":47,"column":32},"end":{"line":47,"column":46}},"8":{"start":{"line":48,"column":2},"end":{"line":62,"column":8}},"9":{"start":{"line":50,"column":28},"end":{"line":53,"column":8}},"10":{"start":{"line":55,"column":6},"end":{"line":58,"column":7}},"11":{"start":{"line":56,"column":8},"end":{"line":56,"column":65}},"12":{"start":{"line":57,"column":8},"end":{"line":57,"column":63}},"13":{"start":{"line":59,"column":6},"end":{"line":59,"column":23}},"14":{"start":{"line":61,"column":4},"end":{"line":61,"column":17}},"15":{"start":{"line":64,"column":17},"end":{"line":78,"column":8}},"16":{"start":{"line":65,"column":21},"end":{"line":68,"column":6}},"17":{"start":{"line":70,"column":28},"end":{"line":70,"column":41}},"18":{"start":{"line":71,"column":4},"end":{"line":74,"column":6}},"19":{"start":{"line":76,"column":4},"end":{"line":76,"column":58}},"20":{"start":{"line":77,"column":4},"end":{"line":77,"column":28}},"21":{"start":{"line":79,"column":17},"end":{"line":83,"column":8}},"22":{"start":{"line":80,"column":4},"end":{"line":80,"column":73}},"23":{"start":{"line":82,"column":4},"end":{"line":82,"column":28}},"24":{"start":{"line":85,"column":21},"end":{"line":87,"column":8}},"25":{"start":{"line":86,"column":4},"end":{"line":86,"column":70}},"26":{"start":{"line":89,"column":2},"end":{"line":95,"column":3}}},"fnMap":{"0":{"name":"useAuth","decl":{"start":{"line":37,"column":16},"end":{"line":37,"column":23}},"loc":{"start":{"line":37,"column":43},"end":{"line":43,"column":1}},"line":37},"1":{"name":"(anonymous_1)","decl":{"start":{"line":45,"column":38},"end":{"line":45,"column":39}},"loc":{"start":{"line":45,"column":56},"end":{"line":96,"column":1}},"line":45},"2":{"name":"(anonymous_2)","decl":{"start":{"line":48,"column":12},"end":{"line":48,"column":13}},"loc":{"start":{"line":48,"column":18},"end":{"line":62,"column":3}},"line":48},"3":{"name":"loadStorage","decl":{"start":{"line":49,"column":19},"end":{"line":49,"column":30}},"loc":{"start":{"line":49,"column":48},"end":{"line":60,"column":5}},"line":49},"4":{"name":"(anonymous_4)","decl":{"start":{"line":64,"column":29},"end":{"line":64,"column":30}},"loc":{"start":{"line":64,"column":60},"end":{"line":78,"column":3}},"line":64},"5":{"name":"(anonymous_5)","decl":{"start":{"line":79,"column":29},"end":{"line":79,"column":30}},"loc":{"start":{"line":79,"column":41},"end":{"line":83,"column":3}},"line":79},"6":{"name":"(anonymous_6)","decl":{"start":{"line":85,"column":33},"end":{"line":85,"column":34}},"loc":{"start":{"line":85,"column":55},"end":{"line":87,"column":3}},"line":85}},"branchMap":{"0":{"loc":{"start":{"line":39,"column":2},"end":{"line":41,"column":3}},"type":"if","locations":[{"start":{"line":39,"column":2},"end":{"line":41,"column":3}},{"start":{"line":39,"column":2},"end":{"line":41,"column":3}}],"line":39},"1":{"loc":{"start":{"line":55,"column":6},"end":{"line":58,"column":7}},"type":"if","locations":[{"start":{"line":55,"column":6},"end":{"line":58,"column":7}},{"start":{"line":55,"column":6},"end":{"line":58,"column":7}}],"line":55},"2":{"loc":{"start":{"line":55,"column":10},"end":{"line":55,"column":29}},"type":"binary-expr","locations":[{"start":{"line":55,"column":10},"end":{"line":55,"column":18}},{"start":{"line":55,"column":22},"end":{"line":55,"column":29}}],"line":55}},"s":{"0":1,"1":1,"2":1,"3":0,"4":1,"5":1,"6":0,"7":0,"8":0,"9":0,"10":0,"11":0,"12":0,"13":0,"14":0,"15":0,"16":0,"17":0,"18":0,"19":0,"20":0,"21":0,"22":0,"23":0,"24":0,"25":0,"26":0},"f":{"0":1,"1":0,"2":0,"3":0,"4":0,"5":0,"6":0},"b":{"0":[0,1],"1":[0,0],"2":[0,0]},"_coverageSchema":"43e27e138ebf9cfc5966b082cf9a028302ed4184","hash":"eaeb1cc8911bf8021ed2c418a4b25de39c6cdb0e"}
,"D:\\Users\\Administrador\\Desktop\\arquivos\\gobarber\\appgobarber\\src\\pages\\SignIn\\index.tsx": {"path":"D:\\Users\\Administrador\\Desktop\\arquivos\\gobarber\\appgobarber\\src\\pages\\SignIn\\index.tsx","statementMap":{"0":{"start":{"line":38,"column":25},"end":{"line":141,"column":1}},"1":{"start":{"line":39,"column":21},"end":{"line":39,"column":36}},"2":{"start":{"line":41,"column":21},"end":{"line":41,"column":30}},"3":{"start":{"line":43,"column":18},"end":{"line":43,"column":43}},"4":{"start":{"line":44,"column":27},"end":{"line":44,"column":50}},"5":{"start":{"line":46,"column":23},"end":{"line":77,"column":3}},"6":{"start":{"line":48,"column":6},"end":{"line":74,"column":7}},"7":{"start":{"line":49,"column":23},"end":{"line":54,"column":10}},"8":{"start":{"line":56,"column":8},"end":{"line":58,"column":10}},"9":{"start":{"line":59,"column":8},"end":{"line":62,"column":10}},"10":{"start":{"line":64,"column":8},"end":{"line":68,"column":9}},"11":{"start":{"line":65,"column":25},"end":{"line":65,"column":49}},"12":{"start":{"line":66,"column":10},"end":{"line":66,"column":44}},"13":{"start":{"line":67,"column":10},"end":{"line":67,"column":16}},"14":{"start":{"line":70,"column":8},"end":{"line":73,"column":9}},"15":{"start":{"line":79,"column":2},"end":{"line":140,"column":3}},"16":{"start":{"line":104,"column":18},"end":{"line":104,"column":51}},"17":{"start":{"line":115,"column":18},"end":{"line":115,"column":47}},"18":{"start":{"line":121,"column":18},"end":{"line":121,"column":47}},"19":{"start":{"line":133,"column":41},"end":{"line":133,"column":70}}},"fnMap":{"0":{"name":"(anonymous_0)","decl":{"start":{"line":38,"column":25},"end":{"line":38,"column":26}},"loc":{"start":{"line":38,"column":31},"end":{"line":141,"column":1}},"line":38},"1":{"name":"(anonymous_1)","decl":{"start":{"line":47,"column":4},"end":{"line":47,"column":5}},"loc":{"start":{"line":47,"column":36},"end":{"line":75,"column":5}},"line":47},"2":{"name":"(anonymous_2)","decl":{"start":{"line":103,"column":33},"end":{"line":103,"column":34}},"loc":{"start":{"line":103,"column":39},"end":{"line":105,"column":17}},"line":103},"3":{"name":"(anonymous_3)","decl":{"start":{"line":114,"column":33},"end":{"line":114,"column":34}},"loc":{"start":{"line":114,"column":39},"end":{"line":116,"column":17}},"line":114},"4":{"name":"(anonymous_4)","decl":{"start":{"line":120,"column":25},"end":{"line":120,"column":26}},"loc":{"start":{"line":120,"column":31},"end":{"line":122,"column":17}},"line":120},"5":{"name":"(anonymous_5)","decl":{"start":{"line":133,"column":35},"end":{"line":133,"column":36}},"loc":{"start":{"line":133,"column":41},"end":{"line":133,"column":70}},"line":133}},"branchMap":{"0":{"loc":{"start":{"line":64,"column":8},"end":{"line":68,"column":9}},"type":"if","locations":[{"start":{"line":64,"column":8},"end":{"line":68,"column":9}},{"start":{"line":64,"column":8},"end":{"line":68,"column":9}}],"line":64},"1":{"loc":{"start":{"line":83,"column":18},"end":{"line":83,"column":63}},"type":"cond-expr","locations":[{"start":{"line":83,"column":42},"end":{"line":83,"column":51}},{"start":{"line":83,"column":54},"end":{"line":83,"column":63}}],"line":83}},"s":{"0":1,"1":1,"2":1,"3":1,"4":1,"5":1,"6":0,"7":0,"8":0,"9":0,"10":0,"11":0,"12":0,"13":0,"14":0,"15":1,"16":0,"17":0,"18":0,"19":0},"f":{"0":1,"1":0,"2":0,"3":0,"4":0,"5":0},"b":{"0":[0,0],"1":[1,0]},"_coverageSchema":"43e27e138ebf9cfc5966b082cf9a028302ed4184","hash":"e2c77af36d2a26e32c49154c28084a2103392cbb"}
,"D:\\Users\\Administrador\\Desktop\\arquivos\\gobarber\\appgobarber\\src\\pages\\SignIn\\styles.ts": {"path":"D:\\Users\\Administrador\\Desktop\\arquivos\\gobarber\\appgobarber\\src\\pages\\SignIn\\styles.ts","statementMap":{"0":{"start":{"line":5,"column":25},"end":{"line":11,"column":1}},"1":{"start":{"line":13,"column":21},"end":{"line":18,"column":1}},"2":{"start":{"line":19,"column":30},"end":{"line":21,"column":1}},"3":{"start":{"line":23,"column":34},"end":{"line":27,"column":1}},"4":{"start":{"line":28,"column":34},"end":{"line":41,"column":1}},"5":{"start":{"line":43,"column":38},"end":{"line":47,"column":1}}},"fnMap":{},"branchMap":{"0":{"loc":{"start":{"line":10,"column":20},"end":{"line":10,"column":56}},"type":"cond-expr","locations":[{"start":{"line":10,"column":48},"end":{"line":10,"column":51}},{"start":{"line":10,"column":54},"end":{"line":10,"column":56}}],"line":10}},"s":{"0":1,"1":1,"2":1,"3":1,"4":1,"5":1},"f":{},"b":{"0":[0,1]},"_coverageSchema":"43e27e138ebf9cfc5966b082cf9a028302ed4184","hash":"3533f0ed5998c8c85111979262fdb0467edc3a81"}
,"D:\\Users\\Administrador\\Desktop\\arquivos\\gobarber\\appgobarber\\src\\services\\api.ts": {"path":"D:\\Users\\Administrador\\Desktop\\arquivos\\gobarber\\appgobarber\\src\\services\\api.ts","statementMap":{"0":{"start":{"line":3,"column":12},"end":{"line":5,"column":2}}},"fnMap":{},"branchMap":{},"s":{"0":1},"f":{},"b":{},"_coverageSchema":"43e27e138ebf9cfc5966b082cf9a028302ed4184","hash":"9b48bf2b8041db97fc19e5ce83e90e4ac2183ddb"}
,"D:\\Users\\Administrador\\Desktop\\arquivos\\gobarber\\appgobarber\\src\\utils\\getValidationErrors.ts": {"path":"D:\\Users\\Administrador\\Desktop\\arquivos\\gobarber\\appgobarber\\src\\utils\\getValidationErrors.ts","statementMap":{"0":{"start":{"line":8,"column":35},"end":{"line":8,"column":37}},"1":{"start":{"line":10,"column":2},"end":{"line":12,"column":4}},"2":{"start":{"line":11,"column":4},"end":{"line":11,"column":48}},"3":{"start":{"line":14,"column":2},"end":{"line":14,"column":25}}},"fnMap":{"0":{"name":"getValidationErrors","decl":{"start":{"line":7,"column":24},"end":{"line":7,"column":43}},"loc":{"start":{"line":7,"column":74},"end":{"line":15,"column":1}},"line":7},"1":{"name":"(anonymous_1)","decl":{"start":{"line":10,"column":20},"end":{"line":10,"column":21}},"loc":{"start":{"line":10,"column":31},"end":{"line":12,"column":3}},"line":10}},"branchMap":{},"s":{"0":0,"1":0,"2":0,"3":0},"f":{"0":0,"1":0},"b":{},"_coverageSchema":"43e27e138ebf9cfc5966b082cf9a028302ed4184","hash":"05dcbcb1f4226c9ced697cff4b41ce07ff246e4e"}
}
