TN:
SF:D:\Users\Administrador\Desktop\arquivos\gobarber\appgobarber\src\assets\logo.png
FNF:0
FNH:0
DA:1,1
LF:1
LH:1
BRF:0
BRH:0
end_of_record
TN:
SF:D:\Users\Administrador\Desktop\arquivos\gobarber\appgobarber\src\components\Button\index.tsx
FN:9,(anonymous_0)
FNF:1
FNH:1
FNDA:1,(anonymous_0)
DA:9,1
DA:10,1
LF:2
LH:2
BRF:0
BRH:0
end_of_record
TN:
SF:D:\Users\Administrador\Desktop\arquivos\gobarber\appgobarber\src\components\Button\styles.ts
FNF:0
FNH:0
DA:5,1
DA:16,1
LF:2
LH:2
BRF:0
BRH:0
end_of_record
TN:
SF:D:\Users\Administrador\Desktop\arquivos\gobarber\appgobarber\src\components\Input\index.tsx
FN:29,(anonymous_0)
FN:40,(anonymous_1)
FN:43,(anonymous_2)
FN:48,(anonymous_3)
FN:56,(anonymous_4)
FN:57,(anonymous_5)
FN:82,(anonymous_6)
FNF:7
FNH:3
FNDA:2,(anonymous_0)
FNDA:0,(anonymous_1)
FNDA:0,(anonymous_2)
FNDA:2,(anonymous_3)
FNDA:1,(anonymous_4)
FNDA:0,(anonymous_5)
FNDA:0,(anonymous_6)
DA:29,1
DA:33,2
DA:34,2
DA:35,2
DA:37,2
DA:38,2
DA:40,2
DA:41,0
DA:43,2
DA:44,0
DA:45,0
DA:48,2
DA:49,2
DA:56,2
DA:58,0
DA:62,2
DA:83,0
LF:17
LH:12
BRDA:30,0,0,2
BRDA:33,1,0,2
BRDA:72,2,0,0
BRDA:72,2,1,2
BRDA:72,3,0,2
BRDA:72,3,1,2
BRF:6
BRH:5
end_of_record
TN:
SF:D:\Users\Administrador\Desktop\arquivos\gobarber\appgobarber\src\components\Input\styles.ts
FN:24,(anonymous_0)
FN:29,(anonymous_1)
FNF:2
FNH:2
FNDA:2,(anonymous_0)
FNDA:2,(anonymous_1)
DA:11,1
DA:25,2
DA:30,2
DA:36,1
DA:42,1
LF:5
LH:5
BRDA:25,0,0,2
BRDA:25,0,1,0
BRDA:30,1,0,2
BRDA:30,1,1,0
BRF:4
BRH:2
end_of_record
TN:
SF:D:\Users\Administrador\Desktop\arquivos\gobarber\appgobarber\src\hooks\auth.tsx
FN:37,useAuth
FN:45,(anonymous_1)
FN:48,(anonymous_2)
FN:49,loadStorage
FN:64,(anonymous_4)
FN:79,(anonymous_5)
FN:85,(anonymous_6)
FNF:7
FNH:1
FNDA:1,useAuth
FNDA:0,(anonymous_1)
FNDA:0,(anonymous_2)
FNDA:0,loadStorage
FNDA:0,(anonymous_4)
FNDA:0,(anonymous_5)
FNDA:0,(anonymous_6)
DA:35,1
DA:38,1
DA:39,1
DA:40,0
DA:42,1
DA:45,1
DA:46,0
DA:47,0
DA:48,0
DA:50,0
DA:55,0
DA:56,0
DA:57,0
DA:59,0
DA:61,0
DA:64,0
DA:65,0
DA:70,0
DA:71,0
DA:76,0
DA:77,0
DA:79,0
DA:80,0
DA:82,0
DA:85,0
DA:86,0
DA:89,0
LF:27
LH:5
BRDA:39,0,0,0
BRDA:39,0,1,1
BRDA:55,1,0,0
BRDA:55,1,1,0
BRDA:55,2,0,0
BRDA:55,2,1,0
BRF:6
BRH:1
end_of_record
TN:
SF:D:\Users\Administrador\Desktop\arquivos\gobarber\appgobarber\src\pages\SignIn\index.tsx
FN:38,(anonymous_0)
FN:47,(anonymous_1)
FN:103,(anonymous_2)
FN:114,(anonymous_3)
FN:120,(anonymous_4)
FN:133,(anonymous_5)
FNF:6
FNH:1
FNDA:1,(anonymous_0)
FNDA:0,(anonymous_1)
FNDA:0,(anonymous_2)
FNDA:0,(anonymous_3)
FNDA:0,(anonymous_4)
FNDA:0,(anonymous_5)
DA:38,1
DA:39,1
DA:41,1
DA:43,1
DA:44,1
DA:46,1
DA:48,0
DA:49,0
DA:56,0
DA:59,0
DA:64,0
DA:65,0
DA:66,0
DA:67,0
DA:70,0
DA:79,1
DA:104,0
DA:115,0
DA:121,0
DA:133,0
LF:20
LH:7
BRDA:64,0,0,0
BRDA:64,0,1,0
BRDA:83,1,0,1
BRDA:83,1,1,0
BRF:4
BRH:1
end_of_record
TN:
SF:D:\Users\Administrador\Desktop\arquivos\gobarber\appgobarber\src\pages\SignIn\styles.ts
FNF:0
FNH:0
DA:5,1
DA:13,1
DA:19,1
DA:23,1
DA:28,1
DA:43,1
LF:6
LH:6
BRDA:10,0,0,0
BRDA:10,0,1,1
BRF:2
BRH:1
end_of_record
TN:
SF:D:\Users\Administrador\Desktop\arquivos\gobarber\appgobarber\src\services\api.ts
FNF:0
FNH:0
DA:3,1
LF:1
LH:1
BRF:0
BRH:0
end_of_record
TN:
SF:D:\Users\Administrador\Desktop\arquivos\gobarber\appgobarber\src\utils\getValidationErrors.ts
FN:7,getValidationErrors
FN:10,(anonymous_1)
FNF:2
FNH:0
FNDA:0,getValidationErrors
FNDA:0,(anonymous_1)
DA:8,0
DA:10,0
DA:11,0
DA:14,0
LF:4
LH:0
BRF:0
BRH:0
end_of_record
